[20:51:52] [ServerMain/INFO]: [bootstrap] Running Java 21 (OpenJDK 64-Bit Server VM 21.0.9+10; Arch Linux null) on Linux 6.17.8-zen1-1-zen (amd64)
[20:51:52] [ServerMain/INFO]: [bootstrap] Loading Paper 1.21.10-113-main@9fc21bc (2025-11-14T16:11:13Z) for Minecraft 1.21.10
[20:51:52] [ServerMain/INFO]: [PluginInitializerManager] Initializing plugins...
[20:51:52] [Paper Plugin Remapper Thread - 0/INFO]: [ReobfServer] Remapping server...
[20:51:55] [Paper Plugin Remapper Thread - 0/INFO]: [ReobfServer] Done remapping server in 2745ms.
[20:51:55] [Paper Plugin Remapper Thread - 0/INFO]: [PluginRemapper] Remapping plugin 'plugins/LunexiaMain.jar'...
[20:51:55] [Paper Plugin Remapper Thread - 0/INFO]: [PluginRemapper] Done remapping plugin 'plugins/LunexiaMain.jar' in 61ms.
[20:51:55] [ServerMain/INFO]: [PluginInitializerManager] Initialized 2 plugins
[20:51:55] [ServerMain/INFO]: [PluginInitializerManager] Bukkit plugins (2):
 - AxiomPaper (5.0.2+1.21.10), LunexiaMain (1.0-SNAPSHOT)
[20:51:58] [ServerMain/INFO]: Environment: Environment[sessionHost=https://sessionserver.mojang.com, servicesHost=https://api.minecraftservices.com, profilesHost=https://api.mojang.com, name=PROD]
[20:51:58] [ServerMain/INFO]: [ca.spottedleaf.dataconverter.minecraft.datatypes.MCTypeRegistry] Initialising converters for DataConverter...
[20:51:58] [ServerMain/INFO]: [ca.spottedleaf.dataconverter.minecraft.datatypes.MCTypeRegistry] Finished initialising converters for DataConverter in 205.1ms
[20:51:59] [ServerMain/INFO]: Loaded 1461 recipes
[20:51:59] [ServerMain/INFO]: Loaded 1574 advancements
[20:51:59] [Server thread/INFO]: Starting minecraft server version 1.21.10
[20:51:59] [Server thread/INFO]: Loading properties
[20:51:59] [Server thread/INFO]: This server is running Paper version 1.21.10-113-main@9fc21bc (2025-11-14T16:11:13Z) (Implementing API version 1.21.10-R0.1-SNAPSHOT)
[20:51:59] [Server thread/INFO]: [spark] This server bundles the spark profiler. For more information please visit https://docs.papermc.io/paper/profiling
[20:51:59] [Server thread/INFO]: Server Ping Player Sample Count: 12
[20:51:59] [Server thread/INFO]: Using 4 threads for Netty based IO
[20:51:59] [Server thread/WARN]: [Configurations] The global config file didn't have a version set, assuming latest
[20:51:59] [Server thread/INFO]: [MoonriseCommon] Paper is using 1 worker threads, 1 I/O threads
[20:51:59] [Server thread/INFO]: Default game type: SURVIVAL
[20:51:59] [Server thread/INFO]: Generating keypair
[20:51:59] [Server thread/INFO]: Starting Minecraft server on *:3000
[20:51:59] [Server thread/INFO]: Using epoll channel type
[20:51:59] [Server thread/INFO]: Paper: Using libdeflate (Linux x86_64) compression from Velocity.
[20:51:59] [Server thread/INFO]: Paper: Using OpenSSL 3.x.x (Linux x86_64) cipher from Velocity.
[20:51:59] [Server thread/INFO]: [LunexiaMain] Loading server plugin LunexiaMain v1.0-SNAPSHOT
[20:51:59] [Server thread/INFO]: [AxiomPaper] Loading server plugin AxiomPaper v5.0.2+1.21.10
[20:51:59] [Server thread/WARN]: **** SERVER IS RUNNING IN OFFLINE/INSECURE MODE!
[20:51:59] [Server thread/WARN]: The server will make no attempt to authenticate usernames. Beware.
[20:51:59] [Server thread/WARN]: Whilst this makes it possible to use Velocity, unless access to your server is properly restricted, it also opens up the ability for hackers to connect with any username they choose.
[20:51:59] [Server thread/WARN]: Please see https://docs.papermc.io/velocity/security for further information.
[20:51:59] [Server thread/WARN]: To change this, set "online-mode" to "true" in the server.properties file.
[20:51:59] [Server thread/INFO]: Preparing level "world"
[20:52:00] [Server thread/INFO]: [PaperWorldLoader] ---- Migration of old nether folder required ----
[20:52:00] [Server thread/INFO]: [PaperWorldLoader] Unfortunately due to the way that Minecraft implemented multiworld support in 1.6, Bukkit requires that you move your nether folder to a new location in order to operate correctly.
[20:52:00] [Server thread/INFO]: [PaperWorldLoader] We will move this folder for you, but it will mean that you need to move it back should you wish to stop using Bukkit in the future.
[20:52:00] [Server thread/INFO]: [PaperWorldLoader] Attempting to move world/DIM-1 to world_nether/DIM-1...
[20:52:00] [Server thread/INFO]: [PaperWorldLoader] Success! To restore nether in the future, simply move world_nether/DIM-1 to world/DIM-1
[20:52:00] [Server thread/INFO]: [PaperWorldLoader] ---- Migration of old nether folder complete ----
[20:52:00] [Server thread/INFO]: [PaperWorldLoader] ---- Migration of old the_end folder required ----
[20:52:00] [Server thread/INFO]: [PaperWorldLoader] Unfortunately due to the way that Minecraft implemented multiworld support in 1.6, Bukkit requires that you move your the_end folder to a new location in order to operate correctly.
[20:52:00] [Server thread/INFO]: [PaperWorldLoader] We will move this folder for you, but it will mean that you need to move it back should you wish to stop using Bukkit in the future.
[20:52:00] [Server thread/INFO]: [PaperWorldLoader] Attempting to move world/DIM1 to world_the_end/DIM1...
[20:52:00] [Server thread/INFO]: [PaperWorldLoader] Success! To restore the_end in the future, simply move world_the_end/DIM1 to world/DIM1
[20:52:00] [Server thread/INFO]: [PaperWorldLoader] ---- Migration of old the_end folder complete ----
[20:52:00] [Server thread/INFO]: Loading 0 persistent chunks for world 'minecraft:overworld'...
[20:52:00] [Server thread/INFO]: Preparing spawn area: 100%
[20:52:00] [Server thread/INFO]: Prepared spawn area in 1 ms
[20:52:00] [Server thread/INFO]: Loading 0 persistent chunks for world 'minecraft:the_nether'...
[20:52:00] [Server thread/INFO]: Prepared spawn area in 1 ms
[20:52:00] [Server thread/INFO]: Loading 0 persistent chunks for world 'minecraft:the_end'...
[20:52:00] [Server thread/INFO]: Prepared spawn area in 0 ms
[20:52:00] [Server thread/INFO]: Done preparing level "world" (0.352s)
[20:52:00] [Server thread/INFO]: [LunexiaMain] Enabling LunexiaMain v1.0-SNAPSHOT
[20:52:00] [Server thread/INFO]: [AxiomPaper] Enabling AxiomPaper v5.0.2+1.21.10
[20:52:00] [Server thread/WARN]: [AxiomPaper] "AxiomPaper v5.0.2+1.21.10" has registered a listener for org.spigotmc.event.player.PlayerSpawnLocationEvent on method "void org.incendo.cloud.bukkit.CloudBukkitListener.onPlayerLogin(org.spigotmc.event.player.PlayerSpawnLocationEvent)", but the event is Deprecated. "Listening to this event causes the player to be created early. Using the player from this event will result in undefined behavior. Prefer AsyncPlayerSpawnLocationEvent."; please notify the authors [Moulberry].
[20:52:00] [Server thread/WARN]: org.incendo.cloud.bukkit.BukkitCommandManager$BrigadierInitializationException: Missing capability CloudBukkitCapabilities.BRIGADIER (Minecraft version too old? Brigadier was added in 1.13). See the Javadocs for more details
[20:52:00] [Server thread/WARN]: 	at AxiomPaper.jar//org.incendo.cloud.bukkit.BukkitCommandManager.checkBrigadierCompatibility(BukkitCommandManager.java:149)
[20:52:00] [Server thread/WARN]: 	at AxiomPaper.jar//org.incendo.cloud.paper.LegacyPaperCommandManager.registerBrigadier(LegacyPaperCommandManager.java:161)
[20:52:00] [Server thread/WARN]: 	at AxiomPaper.jar//org.incendo.cloud.paper.LegacyPaperCommandManager.registerBrigadier(LegacyPaperCommandManager.java:141)
[20:52:00] [Server thread/WARN]: 	at AxiomPaper.jar//com.moulberry.axiom.AxiomPaper.onEnable(AxiomPaper.java:264)
[20:52:00] [Server thread/WARN]: 	at org.bukkit.plugin.java.JavaPlugin.setEnabled(JavaPlugin.java:279)
[20:52:00] [Server thread/WARN]: 	at io.papermc.paper.plugin.manager.PaperPluginInstanceManager.enablePlugin(PaperPluginInstanceManager.java:202)
[20:52:00] [Server thread/WARN]: 	at io.papermc.paper.plugin.manager.PaperPluginManagerImpl.enablePlugin(PaperPluginManagerImpl.java:109)
[20:52:00] [Server thread/WARN]: 	at org.bukkit.plugin.SimplePluginManager.enablePlugin(SimplePluginManager.java:520)
[20:52:00] [Server thread/WARN]: 	at org.bukkit.craftbukkit.CraftServer.enablePlugin(CraftServer.java:639)
[20:52:00] [Server thread/WARN]: 	at org.bukkit.craftbukkit.CraftServer.enablePlugins(CraftServer.java:596)
[20:52:00] [Server thread/WARN]: 	at net.minecraft.server.MinecraftServer.initPostWorld(MinecraftServer.java:637)
[20:52:00] [Server thread/WARN]: 	at net.minecraft.server.dedicated.DedicatedServer.initServer(DedicatedServer.java:368)
[20:52:00] [Server thread/WARN]: 	at net.minecraft.server.MinecraftServer.runServer(MinecraftServer.java:1257)
[20:52:00] [Server thread/WARN]: 	at net.minecraft.server.MinecraftServer.lambda$spin$2(MinecraftServer.java:384)
[20:52:00] [Server thread/WARN]: 	at java.base/java.lang.Thread.run(Thread.java:1583)
[20:52:00] [Server thread/INFO]: [spark] Starting background profiler...
[20:52:00] [Server thread/INFO]: Running delayed init tasks
[20:52:00] [Server thread/INFO]: Done (8.684s)! For help, type "help"
[20:52:04] [User Authenticator #0/INFO]: UUID of player JuMaEn16 is ff642073-9c37-4956-8404-7d10fabaf254
[20:52:05] [Server thread/INFO]: JuMaEn16[/178.25.102.142:36444] logged in with entity id 1 at ([world]0.5, 2.0, 0.5)
[20:52:07] [Server thread/INFO]: [JuMaEn16: Set own game mode to Creative Mode]
